#
# There is insufficient memory for the Java Runtime Environment to continue.
# Native memory allocation (malloc) failed to allocate 32784 bytes for Chunk::new
# Possible reasons:
#   The system is out of physical RAM or swap space
#   In 32 bit mode, the process size limit was hit
# Possible solutions:
#   Reduce memory load on the system
#   Increase physical memory or swap space
#   Check if swap backing store is full
#   Use 64 bit Java on a 64 bit OS
#   Decrease Java heap size (-Xmx/-Xms)
#   Decrease number of Java threads
#   Decrease Java thread stack sizes (-Xss)
#   Set larger code cache with -XX:ReservedCodeCacheSize=
# This output file may be truncated or incomplete.
#
#  Out of Memory Error (allocation.cpp:390), pid=9332, tid=0x00000000000022f4
#
# JRE version: OpenJDK Runtime Environment (8.0_112-b06) (build 1.8.0_112-release-b06)
# Java VM: OpenJDK 64-Bit Server VM (25.112-b06 mixed mode windows-amd64 compressed oops)
# Failed to write core dump. Minidumps are not enabled by default on client versions of Windows
#

---------------  T H R E A D  ---------------

Current thread (0x00000000161bb000):  JavaThread "C2 CompilerThread1" daemon [_thread_in_native, id=8948, stack(0x0000000017920000,0x0000000017a20000)]

Stack: [0x0000000017920000,0x0000000017a20000]
[error occurred during error reporting (printing stack bounds), id 0xc0000005]

Native frames: (J=compiled Java code, j=interpreted, Vv=VM code, C=native code)


Current CompileTask:
C2: 215830 13756       4       org.gradle.internal.component.external.model.AbstractModuleComponentResolveMetadata::populateConfigurationFromDescriptor (270 bytes)


---------------  P R O C E S S  ---------------

Java Threads: ( => current thread )
  0x000000001f32a000 JavaThread "Stdin handler" [_thread_blocked, id=836, stack(0x000000002e1c0000,0x000000002e2c0000)]
  0x000000001f32b800 JavaThread "Asynchronous log dispatcher for DefaultDaemonConnection: socket connection from /127.0.0.1:54349 to /127.0.0.1:54545" [_thread_blocked, id=5996, stack(0x000000002e0c0000,0x000000002e1c0000)]
  0x000000001f327800 JavaThread "Cancel handler" [_thread_blocked, id=12184, stack(0x000000002dfc0000,0x000000002e0c0000)]
  0x000000001f32a800 JavaThread "Handler for socket connection from /127.0.0.1:54349 to /127.0.0.1:54545" [_thread_in_native, id=9432, stack(0x000000002dec0000,0x000000002dfc0000)]
  0x000000001f32c000 JavaThread "pool-4-thread-4" [_thread_blocked, id=12840, stack(0x00000000239c0000,0x0000000023ac0000)]
  0x000000001f333000 JavaThread "pool-4-thread-3" [_thread_blocked, id=8000, stack(0x00000000230c0000,0x00000000231c0000)]
  0x000000001f329000 JavaThread "pool-4-thread-2" [_thread_blocked, id=11880, stack(0x00000000223c0000,0x00000000224c0000)]
  0x000000001f325800 JavaThread "pool-4-thread-1" [_thread_blocked, id=7144, stack(0x00000000222c0000,0x00000000223c0000)]
  0x000000001a4d4800 JavaThread "File lock request listener" [_thread_in_native, id=13044, stack(0x000000001e120000,0x000000001e220000)]
  0x0000000019731800 JavaThread "Daemon worker" [_thread_in_native, id=4744, stack(0x000000001b680000,0x000000001b780000)]
  0x0000000018f1c000 JavaThread "pool-1-thread-1" [_thread_blocked, id=556, stack(0x000000001b480000,0x000000001b580000)]
  0x0000000018f8b800 JavaThread "Daemon" [_thread_blocked, id=10504, stack(0x000000001b280000,0x000000001b380000)]
  0x0000000018e39000 JavaThread "Incoming local TCP Connector on port 54349" [_thread_in_native, id=2896, stack(0x000000001a8c0000,0x000000001a9c0000)]
  0x0000000017b48800 JavaThread "Service Thread" daemon [_thread_blocked, id=13040, stack(0x0000000017f20000,0x0000000018020000)]
  0x00000000161ca000 JavaThread "C1 CompilerThread2" daemon [_thread_blocked, id=12488, stack(0x0000000017a20000,0x0000000017b20000)]
=>0x00000000161bb000 JavaThread "C2 CompilerThread1" daemon [_thread_in_native, id=8948, stack(0x0000000017920000,0x0000000017a20000)]
  0x00000000161c9000 JavaThread "C2 CompilerThread0" daemon [_thread_blocked, id=9312, stack(0x0000000017820000,0x0000000017920000)]
  0x00000000161c7800 JavaThread "Attach Listener" daemon [_thread_blocked, id=492, stack(0x0000000017720000,0x0000000017820000)]
  0x00000000161c6800 JavaThread "Signal Dispatcher" daemon [_thread_blocked, id=2928, stack(0x0000000017620000,0x0000000017720000)]
  0x000000000284b800 JavaThread "Finalizer" daemon [_thread_blocked, id=10392, stack(0x0000000017410000,0x0000000017510000)]
  0x0000000002840800 JavaThread "Reference Handler" daemon [_thread_blocked, id=12396, stack(0x0000000017310000,0x0000000017410000)]
  0x0000000002750800 JavaThread "main" [_thread_blocked, id=6100, stack(0x0000000002650000,0x0000000002750000)]

Other Threads:
  0x0000000016185800 VMThread [stack: 0x0000000017210000,0x0000000017310000] [id=6136]
  0x00000000161d7800 WatcherThread [stack: 0x0000000018020000,0x0000000018120000] [id=8528]

VM state:not at safepoint (normal execution)

VM Mutex/Monitor currently owned by a thread: None

Heap:
 PSYoungGen      total 304640K, used 148886K [0x00000000e0000000, 0x00000000f4800000, 0x0000000100000000)
  eden space 289792K, 49% used [0x00000000e0000000,0x00000000e8acbfe8,0x00000000f1b00000)
  from space 14848K, 45% used [0x00000000f3980000,0x00000000f4019b90,0x00000000f4800000)
  to   space 23040K, 0% used [0x00000000f1b00000,0x00000000f1b00000,0x00000000f3180000)
 ParOldGen       total 120320K, used 56920K [0x00000000a0000000, 0x00000000a7580000, 0x00000000e0000000)
  object space 120320K, 47% used [0x00000000a0000000,0x00000000a37960b0,0x00000000a7580000)
 Metaspace       used 62529K, capacity 64878K, committed 65024K, reserved 1105920K
  class space    used 7948K, capacity 8360K, committed 8448K, reserved 1048576K

Card table byte_map: [0x0000000011c10000,0x0000000011f20000] byte_map_base: 0x0000000011710000

Marking Bits: (ParMarkBitMap*) 0x00000000676418f0
 Begin Bits: [0x0000000012520000, 0x0000000013d20000)
 End Bits:   [0x0000000013d20000, 0x0000000015520000)

Polling page: 0x0000000000a10000

CodeCache: size=245760Kb used=37949Kb max_used=37954Kb free=207810Kb
 bounds [0x0000000002850000, 0x0000000004d90000, 0x0000000011850000]
 total_blobs=12052 nmethods=11279 adapters=684
 compilation: enabled

Compilation events (10 events):
Event: 215.368 Thread 0x00000000161ca000 13754       3       org.gradle.internal.component.external.model.DefaultMavenModuleResolveMetadata::<init> (36 bytes)
Event: 215.368 Thread 0x00000000161ca000 nmethod 13754 0x0000000004d83090 code [0x0000000004d83200, 0x0000000004d83508]
Event: 215.375 Thread 0x00000000161c9000 nmethod 13755 0x0000000004d82a50 code [0x0000000004d82ba0, 0x0000000004d82d98]
Event: 215.547 Thread 0x00000000161bb000 13756       4       org.gradle.internal.component.external.model.AbstractModuleComponentResolveMetadata::populateConfigurationFromDescriptor (270 bytes)
Event: 215.699 Thread 0x00000000161ca000 13757       3       com.sun.org.apache.xerces.internal.impl.XMLEntityManager::startEntity (140 bytes)
Event: 215.700 Thread 0x00000000161ca000 nmethod 13757 0x0000000004d8d950 code [0x0000000004d8db80, 0x0000000004d8e838]
Event: 215.700 Thread 0x00000000161ca000 13758       1       org.gradle.api.internal.artifacts.ivyservice.modulecache.ModuleComponentAtRepositoryKey::getComponentId (5 bytes)
Event: 215.700 Thread 0x00000000161ca000 nmethod 13758 0x0000000004d82790 code [0x0000000004d828e0, 0x0000000004d829f0]
Event: 215.700 Thread 0x00000000161ca000 13759       1       org.gradle.api.internal.artifacts.ivyservice.modulecache.ModuleComponentAtRepositoryKey::getRepositoryId (5 bytes)
Event: 215.700 Thread 0x00000000161ca000 nmethod 13759 0x0000000004d824d0 code [0x0000000004d82620, 0x0000000004d82730]

GC Heap History (10 events):
Event: 34.187 GC heap before
{Heap before GC invocations=21 (full 3):
 PSYoungGen      total 222208K, used 16950K [0x00000000e0000000, 0x00000000ef300000, 0x0000000100000000)
  eden space 200704K, 0% used [0x00000000e0000000,0x00000000e0000000,0x00000000ec400000)
  from space 21504K, 78% used [0x00000000ede00000,0x00000000eee8db20,0x00000000ef300000)
  to   space 24064K, 0% used [0x00000000ec400000,0x00000000ec400000,0x00000000edb80000)
 ParOldGen       total 63488K, used 44762K [0x00000000a0000000, 0x00000000a3e00000, 0x00000000e0000000)
  object space 63488K, 70% used [0x00000000a0000000,0x00000000a2bb6aa8,0x00000000a3e00000)
 Metaspace       used 57112K, capacity 59078K, committed 59136K, reserved 1099776K
  class space    used 7504K, capacity 7909K, committed 7936K, reserved 1048576K
Event: 34.552 GC heap after
Heap after GC invocations=21 (full 3):
 PSYoungGen      total 222208K, used 0K [0x00000000e0000000, 0x00000000ef300000, 0x0000000100000000)
  eden space 200704K, 0% used [0x00000000e0000000,0x00000000e0000000,0x00000000ec400000)
  from space 21504K, 0% used [0x00000000ede00000,0x00000000ede00000,0x00000000ef300000)
  to   space 24064K, 0% used [0x00000000ec400000,0x00000000ec400000,0x00000000edb80000)
 ParOldGen       total 120320K, used 52909K [0x00000000a0000000, 0x00000000a7580000, 0x00000000e0000000)
  object space 120320K, 43% used [0x00000000a0000000,0x00000000a33ab6d8,0x00000000a7580000)
 Metaspace       used 56784K, capacity 58666K, committed 59136K, reserved 1099776K
  class space    used 7460K, capacity 7837K, committed 7936K, reserved 1048576K
}
Event: 39.483 GC heap before
{Heap before GC invocations=22 (full 3):
 PSYoungGen      total 222208K, used 200425K [0x00000000e0000000, 0x00000000ef300000, 0x0000000100000000)
  eden space 200704K, 99% used [0x00000000e0000000,0x00000000ec3ba710,0x00000000ec400000)
  from space 21504K, 0% used [0x00000000ede00000,0x00000000ede00000,0x00000000ef300000)
  to   space 24064K, 0% used [0x00000000ec400000,0x00000000ec400000,0x00000000edb80000)
 ParOldGen       total 120320K, used 52909K [0x00000000a0000000, 0x00000000a7580000, 0x00000000e0000000)
  object space 120320K, 43% used [0x00000000a0000000,0x00000000a33ab6d8,0x00000000a7580000)
 Metaspace       used 57702K, capacity 59702K, committed 59776K, reserved 1101824K
  class space    used 7568K, capacity 7992K, committed 8064K, reserved 1048576K
Event: 39.487 GC heap after
Heap after GC invocations=22 (full 3):
 PSYoungGen      total 224768K, used 4324K [0x00000000e0000000, 0x00000000f1a00000, 0x0000000100000000)
  eden space 200704K, 0% used [0x00000000e0000000,0x00000000e0000000,0x00000000ec400000)
  from space 24064K, 17% used [0x00000000ec400000,0x00000000ec839090,0x00000000edb80000)
  to   space 24064K, 0% used [0x00000000f0280000,0x00000000f0280000,0x00000000f1a00000)
 ParOldGen       total 120320K, used 52917K [0x00000000a0000000, 0x00000000a7580000, 0x00000000e0000000)
  object space 120320K, 43% used [0x00000000a0000000,0x00000000a33ad6d8,0x00000000a7580000)
 Metaspace       used 57702K, capacity 59702K, committed 59776K, reserved 1101824K
  class space    used 7568K, capacity 7992K, committed 8064K, reserved 1048576K
}
Event: 39.521 GC heap before
{Heap before GC invocations=23 (full 3):
 PSYoungGen      total 224768K, used 204283K [0x00000000e0000000, 0x00000000f1a00000, 0x0000000100000000)
  eden space 200704K, 99% used [0x00000000e0000000,0x00000000ec345c30,0x00000000ec400000)
  from space 24064K, 17% used [0x00000000ec400000,0x00000000ec839090,0x00000000edb80000)
  to   space 24064K, 0% used [0x00000000f0280000,0x00000000f0280000,0x00000000f1a00000)
 ParOldGen       total 120320K, used 52917K [0x00000000a0000000, 0x00000000a7580000, 0x00000000e0000000)
  object space 120320K, 43% used [0x00000000a0000000,0x00000000a33ad6d8,0x00000000a7580000)
 Metaspace       used 57709K, capacity 59702K, committed 59776K, reserved 1101824K
  class space    used 7568K, capacity 7992K, committed 8064K, reserved 1048576K
Event: 39.524 GC heap after
Heap after GC invocations=23 (full 3):
 PSYoungGen      total 264192K, used 128K [0x00000000e0000000, 0x00000000f2780000, 0x0000000100000000)
  eden space 240128K, 0% used [0x00000000e0000000,0x00000000e0000000,0x00000000eea80000)
  from space 24064K, 0% used [0x00000000f0280000,0x00000000f02a0000,0x00000000f1a00000)
  to   space 24576K, 0% used [0x00000000eea80000,0x00000000eea80000,0x00000000f0280000)
 ParOldGen       total 120320K, used 54936K [0x00000000a0000000, 0x00000000a7580000, 0x00000000e0000000)
  object space 120320K, 45% used [0x00000000a0000000,0x00000000a35a62a0,0x00000000a7580000)
 Metaspace       used 57709K, capacity 59702K, committed 59776K, reserved 1101824K
  class space    used 7568K, capacity 7992K, committed 8064K, reserved 1048576K
}
Event: 88.326 GC heap before
{Heap before GC invocations=24 (full 3):
 PSYoungGen      total 264192K, used 240256K [0x00000000e0000000, 0x00000000f2780000, 0x0000000100000000)
  eden space 240128K, 100% used [0x00000000e0000000,0x00000000eea80000,0x00000000eea80000)
  from space 24064K, 0% used [0x00000000f0280000,0x00000000f02a0000,0x00000000f1a00000)
  to   space 24576K, 0% used [0x00000000eea80000,0x00000000eea80000,0x00000000f0280000)
 ParOldGen       total 120320K, used 54936K [0x00000000a0000000, 0x00000000a7580000, 0x00000000e0000000)
  object space 120320K, 45% used [0x00000000a0000000,0x00000000a35a62a0,0x00000000a7580000)
 Metaspace       used 59931K, capacity 62016K, committed 62208K, reserved 1103872K
  class space    used 7742K, capacity 8149K, committed 8192K, reserved 1048576K
Event: 88.341 GC heap after
Heap after GC invocations=24 (full 3):
 PSYoungGen      total 264704K, used 3786K [0x00000000e0000000, 0x00000000f5100000, 0x0000000100000000)
  eden space 240128K, 0% used [0x00000000e0000000,0x00000000e0000000,0x00000000eea80000)
  from space 24576K, 15% used [0x00000000eea80000,0x00000000eee32a78,0x00000000f0280000)
  to   space 24064K, 0% used [0x00000000f3980000,0x00000000f3980000,0x00000000f5100000)
 ParOldGen       total 120320K, used 54960K [0x00000000a0000000, 0x00000000a7580000, 0x00000000e0000000)
  object space 120320K, 45% used [0x00000000a0000000,0x00000000a35ac2a0,0x00000000a7580000)
 Metaspace       used 59931K, capacity 62016K, committed 62208K, reserved 1103872K
  class space    used 7742K, capacity 8149K, committed 8192K, reserved 1048576K
}
Event: 135.930 GC heap before
{Heap before GC invocations=25 (full 3):
 PSYoungGen      total 264704K, used 243914K [0x00000000e0000000, 0x00000000f5100000, 0x0000000100000000)
  eden space 240128K, 100% used [0x00000000e0000000,0x00000000eea80000,0x00000000eea80000)
  from space 24576K, 15% used [0x00000000eea80000,0x00000000eee32a78,0x00000000f0280000)
  to   space 24064K, 0% used [0x00000000f3980000,0x00000000f3980000,0x00000000f5100000)
 ParOldGen       total 120320K, used 54960K [0x00000000a0000000, 0x00000000a7580000, 0x00000000e0000000)
  object space 120320K, 45% used [0x00000000a0000000,0x00000000a35ac2a0,0x00000000a7580000)
 Metaspace       used 61578K, capacity 63716K, committed 63872K, reserved 1105920K
  class space    used 7854K, capacity 8257K, committed 8320K, reserved 1048576K
Event: 135.949 GC heap after
Heap after GC invocations=25 (full 3):
 PSYoungGen      total 304640K, used 6758K [0x00000000e0000000, 0x00000000f4800000, 0x0000000100000000)
  eden space 289792K, 0% used [0x00000000e0000000,0x00000000e0000000,0x00000000f1b00000)
  from space 14848K, 45% used [0x00000000f3980000,0x00000000f4019b90,0x00000000f4800000)
  to   space 23040K, 0% used [0x00000000f1b00000,0x00000000f1b00000,0x00000000f3180000)
 ParOldGen       total 120320K, used 56920K [0x00000000a0000000, 0x00000000a7580000, 0x00000000e0000000)
  object space 120320K, 47% used [0x00000000a0000000,0x00000000a37960b0,0x00000000a7580000)
 Metaspace       used 61578K, capacity 63716K, committed 63872K, reserved 1105920K
  class space    used 7854K, capacity 8257K, committed 8320K, reserved 1048576K
}

Deoptimization events (10 events):
Event: 150.542 Thread 0x0000000019731800 Uncommon trap: reason=speculate_class_check action=maybe_recompile pc=0x0000000004b657b0 method=com.sun.org.apache.xerces.internal.dom.AttrImpl.getValue()Ljava/lang/String; @ 19
Event: 150.558 Thread 0x0000000019731800 Uncommon trap: reason=speculate_class_check action=maybe_recompile pc=0x0000000004b657b0 method=com.sun.org.apache.xerces.internal.dom.AttrImpl.getValue()Ljava/lang/String; @ 19
Event: 150.624 Thread 0x0000000019731800 Uncommon trap: reason=speculate_class_check action=maybe_recompile pc=0x0000000004a9d370 method=com.sun.org.apache.xerces.internal.dom.AttrImpl.getValue()Ljava/lang/String; @ 19
Event: 150.681 Thread 0x0000000019731800 Uncommon trap: reason=speculate_class_check action=maybe_recompile pc=0x0000000004a9d370 method=com.sun.org.apache.xerces.internal.dom.AttrImpl.getValue()Ljava/lang/String; @ 19
Event: 151.769 Thread 0x0000000019731800 Uncommon trap: reason=predicate action=maybe_recompile pc=0x0000000004b6cd8c method=java.util.ComparableTimSort.binarySort([Ljava/lang/Object;III)V @ 37
Event: 153.233 Thread 0x0000000019731800 Uncommon trap: reason=unstable_if action=reinterpret pc=0x0000000004b3d964 method=com.android.ide.common.res2.ResourceMerger.filterAccept(Lcom/android/ide/common/res2/ResourceItem;)Z @ 4
Event: 154.853 Thread 0x0000000019731800 Uncommon trap: reason=bimorphic action=maybe_recompile pc=0x0000000002eb25a4 method=com.google.common.collect.AbstractMapEntry.hashCode()I @ 1
Event: 154.860 Thread 0x0000000019731800 Uncommon trap: reason=bimorphic action=maybe_recompile pc=0x0000000002eb25a4 method=com.google.common.collect.AbstractMapEntry.hashCode()I @ 1
Event: 155.331 Thread 0x0000000019731800 Uncommon trap: reason=unstable_if action=reinterpret pc=0x00000000044e399c method=java.util.concurrent.ConcurrentHashMap.clear()V @ 19
Event: 204.189 Thread 0x000000001f32a800 Uncommon trap: reason=class_check action=maybe_recompile pc=0x00000000038bdea0 method=java.lang.reflect.Array.newInstance(Ljava/lang/Class;I)Ljava/lang/Object; @ 2

Internal exceptions (10 events):
Event: 212.267 Thread 0x0000000019731800 Exception <a 'sun/nio/fs/WindowsException'> (0x00000000e7570228) thrown at [C:\src\android\AOSP-openjdk\external\jetbrains\jdk\hotspot\src\share\vm\prims\jni.cpp, line 709]
Event: 212.267 Thread 0x0000000019731800 Exception <a 'sun/nio/fs/WindowsException'> (0x00000000e7570ec0) thrown at [C:\src\android\AOSP-openjdk\external\jetbrains\jdk\hotspot\src\share\vm\prims\jni.cpp, line 709]
Event: 212.300 Thread 0x0000000019731800 Exception <a 'sun/nio/fs/WindowsException'> (0x00000000e7574410) thrown at [C:\src\android\AOSP-openjdk\external\jetbrains\jdk\hotspot\src\share\vm\prims\jni.cpp, line 709]
Event: 212.301 Thread 0x0000000019731800 Exception <a 'sun/nio/fs/WindowsException'> (0x00000000e7574ff0) thrown at [C:\src\android\AOSP-openjdk\external\jetbrains\jdk\hotspot\src\share\vm\prims\jni.cpp, line 709]
Event: 212.301 Thread 0x0000000019731800 Exception <a 'sun/nio/fs/WindowsException'> (0x00000000e7576c08) thrown at [C:\src\android\AOSP-openjdk\external\jetbrains\jdk\hotspot\src\share\vm\prims\jni.cpp, line 709]
Event: 212.301 Thread 0x0000000019731800 Exception <a 'sun/nio/fs/WindowsException'> (0x00000000e7577828) thrown at [C:\src\android\AOSP-openjdk\external\jetbrains\jdk\hotspot\src\share\vm\prims\jni.cpp, line 709]
Event: 212.302 Thread 0x0000000019731800 Exception <a 'sun/nio/fs/WindowsException'> (0x00000000e757a3c8) thrown at [C:\src\android\AOSP-openjdk\external\jetbrains\jdk\hotspot\src\share\vm\prims\jni.cpp, line 709]
Event: 212.303 Thread 0x0000000019731800 Exception <a 'sun/nio/fs/WindowsException'> (0x00000000e757b020) thrown at [C:\src\android\AOSP-openjdk\external\jetbrains\jdk\hotspot\src\share\vm\prims\jni.cpp, line 709]
Event: 212.303 Thread 0x0000000019731800 Exception <a 'sun/nio/fs/WindowsException'> (0x00000000e757ccb0) thrown at [C:\src\android\AOSP-openjdk\external\jetbrains\jdk\hotspot\src\share\vm\prims\jni.cpp, line 709]
Event: 212.303 Thread 0x0000000019731800 Exception <a 'sun/nio/fs/WindowsException'> (0x00000000e757d948) thrown at [C:\src\android\AOSP-openjdk\external\jetbrains\jdk\hotspot\src\share\vm\prims\jni.cpp, line 709]

Events (10 events):
Event: 205.754 loading class groovy/runtime/metaclass/asLocalRepo6829_6vh6tv04w1r73b120f0tzr0kf$_run_closure1$_closure2$_closure4$_closure5MetaClass
Event: 205.754 loading class groovy/runtime/metaclass/asLocalRepo6829_6vh6tv04w1r73b120f0tzr0kf$_run_closure1$_closure2$_closure4$_closure5MetaClass done
Event: 205.755 loading class asLocalRepo6829_6vh6tv04w1r73b120f0tzr0kf$_run_closure1$_closure3
Event: 205.755 loading class asLocalRepo6829_6vh6tv04w1r73b120f0tzr0kf$_run_closure1$_closure3 done
Event: 205.756 loading class groovy/runtime/metaclass/asLocalRepo6829_6vh6tv04w1r73b120f0tzr0kf$_run_closure1$_closure3MetaClass
Event: 205.756 loading class groovy/runtime/metaclass/asLocalRepo6829_6vh6tv04w1r73b120f0tzr0kf$_run_closure1$_closure3MetaClass done
Event: 205.757 loading class asLocalRepo6829_6vh6tv04w1r73b120f0tzr0kf$_run_closure1$_closure3$_closure6
Event: 205.757 loading class asLocalRepo6829_6vh6tv04w1r73b120f0tzr0kf$_run_closure1$_closure3$_closure6 done
Event: 205.758 loading class groovy/runtime/metaclass/asLocalRepo6829_6vh6tv04w1r73b120f0tzr0kf$_run_closure1$_closure3$_closure6MetaClass
Event: 205.758 loading class groovy/runtime/metaclass/asLocalRepo6829_6vh6tv04w1r73b120f0tzr0kf$_run_closure1$_closure3$_closure6MetaClass done


Dynamic libraries:
0x00007ff7e1ae0000 - 0x00007ff7e1b11000 	C:\Program Files\Android\Android Studio\jre\bin\java.exe
0x00007ffa4b060000 - 0x00007ffa4b23b000 	C:\WINDOWS\SYSTEM32\ntdll.dll
0x00007ffa48b00000 - 0x00007ffa48bae000 	C:\WINDOWS\System32\KERNEL32.DLL
0x00007ffa47610000 - 0x00007ffa47859000 	C:\WINDOWS\System32\KERNELBASE.dll
0x00007ffa4a780000 - 0x00007ffa4a821000 	C:\WINDOWS\System32\ADVAPI32.dll
0x00007ffa48d00000 - 0x00007ffa48d9d000 	C:\WINDOWS\System32\msvcrt.dll
0x00007ffa48e50000 - 0x00007ffa48ea9000 	C:\WINDOWS\System32\sechost.dll
0x00007ffa4a640000 - 0x00007ffa4a765000 	C:\WINDOWS\System32\RPCRT4.dll
0x00007ffa485c0000 - 0x00007ffa4870a000 	C:\WINDOWS\System32\USER32.dll
0x00007ffa475f0000 - 0x00007ffa4760e000 	C:\WINDOWS\System32\win32u.dll
0x00007ffa487d0000 - 0x00007ffa487f7000 	C:\WINDOWS\System32\GDI32.dll
0x00007ffa47ab0000 - 0x00007ffa47c37000 	C:\WINDOWS\System32\gdi32full.dll
0x00007ffa47960000 - 0x00007ffa479fa000 	C:\WINDOWS\System32\msvcp_win.dll
0x00007ffa47860000 - 0x00007ffa47956000 	C:\WINDOWS\System32\ucrtbase.dll
0x00007ffa3a120000 - 0x00007ffa3a387000 	C:\WINDOWS\WinSxS\amd64_microsoft.windows.common-controls_6595b64144ccf1df_6.0.15063.483_none_26002d27e7c744a2\COMCTL32.dll
0x00007ffa48800000 - 0x00007ffa48af9000 	C:\WINDOWS\System32\combase.dll
0x00007ffa47580000 - 0x00007ffa475ea000 	C:\WINDOWS\System32\bcryptPrimitives.dll
0x00007ffa4aad0000 - 0x00007ffa4aafd000 	C:\WINDOWS\System32\IMM32.DLL
0x0000000068180000 - 0x0000000068252000 	C:\Program Files\Android\Android Studio\jre\jre\bin\msvcr100.dll
0x0000000066e80000 - 0x00000000676bc000 	C:\Program Files\Android\Android Studio\jre\jre\bin\server\jvm.dll
0x00007ffa4ab00000 - 0x00007ffa4ab08000 	C:\WINDOWS\System32\PSAPI.DLL
0x00007ffa45700000 - 0x00007ffa45723000 	C:\WINDOWS\SYSTEM32\WINMM.dll
0x00007ffa38ea0000 - 0x00007ffa38ea9000 	C:\WINDOWS\SYSTEM32\WSOCK32.dll
0x00007ffa42560000 - 0x00007ffa4256a000 	C:\WINDOWS\SYSTEM32\VERSION.dll
0x00007ffa4aa60000 - 0x00007ffa4aacc000 	C:\WINDOWS\System32\WS2_32.dll
0x00007ffa45680000 - 0x00007ffa456ab000 	C:\WINDOWS\SYSTEM32\WINMMBASE.dll
0x00007ffa47a00000 - 0x00007ffa47a49000 	C:\WINDOWS\System32\cfgmgr32.dll
0x00007ffa37f60000 - 0x00007ffa37f6f000 	C:\Program Files\Android\Android Studio\jre\jre\bin\verify.dll
0x00007ffa36a10000 - 0x00007ffa36a39000 	C:\Program Files\Android\Android Studio\jre\jre\bin\java.dll
0x00007ffa37760000 - 0x00007ffa37776000 	C:\Program Files\Android\Android Studio\jre\jre\bin\zip.dll
0x00007ffa491a0000 - 0x00007ffa4a5d7000 	C:\WINDOWS\System32\SHELL32.dll
0x00007ffa48da0000 - 0x00007ffa48e4a000 	C:\WINDOWS\System32\shcore.dll
0x00007ffa47c40000 - 0x00007ffa48331000 	C:\WINDOWS\System32\windows.storage.dll
0x00007ffa490c0000 - 0x00007ffa49111000 	C:\WINDOWS\System32\shlwapi.dll
0x00007ffa47540000 - 0x00007ffa47551000 	C:\WINDOWS\System32\kernel.appcore.dll
0x00007ffa474f0000 - 0x00007ffa4753c000 	C:\WINDOWS\System32\powrprof.dll
0x00007ffa474d0000 - 0x00007ffa474e5000 	C:\WINDOWS\System32\profapi.dll
0x00007ffa369f0000 - 0x00007ffa36a0a000 	C:\Program Files\Android\Android Studio\jre\jre\bin\net.dll
0x00007ffa46d80000 - 0x00007ffa46ddc000 	C:\WINDOWS\system32\mswsock.dll
0x00007ffa369d0000 - 0x00007ffa369e1000 	C:\Program Files\Android\Android Studio\jre\jre\bin\nio.dll
0x00007ffa3f5e0000 - 0x00007ffa3f5fe000 	C:\Users\ozzyd\.gradle\native\23\windows-amd64\native-platform.dll
0x00007ffa46f20000 - 0x00007ffa46f37000 	C:\WINDOWS\SYSTEM32\CRYPTSP.dll
0x00007ffa469a0000 - 0x00007ffa469d4000 	C:\WINDOWS\system32\rsaenh.dll
0x00007ffa47400000 - 0x00007ffa47425000 	C:\WINDOWS\SYSTEM32\bcrypt.dll
0x00007ffa473a0000 - 0x00007ffa473c9000 	C:\WINDOWS\SYSTEM32\USERENV.dll
0x00007ffa46f40000 - 0x00007ffa46f4b000 	C:\WINDOWS\SYSTEM32\CRYPTBASE.dll
0x00007ffa46b20000 - 0x00007ffa46b57000 	C:\WINDOWS\SYSTEM32\IPHLPAPI.DLL
0x00007ffa4a770000 - 0x00007ffa4a778000 	C:\WINDOWS\System32\NSI.dll
0x00007ffa41830000 - 0x00007ffa41846000 	C:\WINDOWS\SYSTEM32\dhcpcsvc6.DLL
0x00007ffa41b10000 - 0x00007ffa41b2a000 	C:\WINDOWS\SYSTEM32\dhcpcsvc.DLL
0x00007ffa37110000 - 0x00007ffa3711d000 	C:\Program Files\Android\Android Studio\jre\jre\bin\management.dll
0x00007ffa466a0000 - 0x00007ffa466d1000 	C:\WINDOWS\SYSTEM32\ntmarta.dll
0x00007ffa40060000 - 0x00007ffa40084000 	C:\Program Files\Android\Android Studio\jre\jre\bin\sunec.dll
0x00007ffa42500000 - 0x00007ffa4250b000 	C:\Program Files\Android\Android Studio\jre\jre\bin\sunmscapi.dll
0x00007ffa483f0000 - 0x00007ffa485b9000 	C:\WINDOWS\System32\CRYPT32.dll
0x00007ffa47560000 - 0x00007ffa47571000 	C:\WINDOWS\System32\MSASN1.dll

VM Arguments:
jvm_args: -Xmx1536m -Dfile.encoding=windows-1252 -Duser.country=ES -Duser.language=es -Duser.variant 
java_command: org.gradle.launcher.daemon.bootstrap.GradleDaemon 3.3
java_class_path (initial): C:\Users\ozzyd\.gradle\wrapper\dists\gradle-3.3-all\55gk2rcmfc6p2dg9u9ohc3hw9\gradle-3.3\lib\gradle-launcher-3.3.jar
Launcher Type: SUN_STANDARD

Environment Variables:
PATH=C:\Program Files\Microsoft MPI\Bin\;C:\WINDOWS\system32;C:\WINDOWS;C:\WINDOWS\System32\Wbem;C:\WINDOWS\System32\WindowsPowerShell\v1.0\;C:\Program Files\Microsoft SQL Server\130\Tools\Binn\;C:\Program Files\dotnet\;C:\Program Files (x86)\Microsoft SQL Server\130\Tools\Binn\;C:\Program Files (x86)\Microsoft SQL Server\130\DTS\Binn\;C:\Program Files\Microsoft SQL Server\130\DTS\Binn\;C:\Program Files\Microsoft SQL Server\Client SDK\ODBC\130\Tools\Binn\;C:\Program Files (x86)\Microsoft SQL Server\Client SDK\ODBC\130\Tools\Binn\;C:\Program Files (x86)\Microsoft SQL Server\140\Tools\Binn\;C:\Program Files (x86)\Microsoft SQL Server\140\DTS\Binn\;C:\Program Files (x86)\Microsoft SQL Server\140\Tools\Binn\ManagementStudio\;C:\Program Files (x86)\Windows Live\Shared;C:\Program Files\Git\cmd;C:\Program Files (x86)\GtkSharp\2.12\bin;C:\Users\ozzyd\AppData\Local\Microsoft\WindowsApps;
USERNAME=ozzyd
OS=Windows_NT
PROCESSOR_IDENTIFIER=Intel64 Family 6 Model 78 Stepping 3, GenuineIntel



---------------  S Y S T E M  ---------------

OS: Windows 10.0 , 64 bit Build 15063 (10.0.15063.296)

CPU:total 4 (2 cores per cpu, 2 threads per core) family 6 model 78 stepping 3, cmov, cx8, fxsr, mmx, sse, sse2, sse3, ssse3, sse4.1, sse4.2, popcnt, avx, avx2, aes, clmul, erms, rtm, 3dnowpref, lzcnt, ht, tsc, tscinvbit, bmi1, bmi2, adx

Memory: 4k page, physical 6162184k(649972k free), swap 6162184k(4260k free)

vm_info: OpenJDK 64-Bit Server VM (25.112-b06) for windows-amd64 JRE (1.8.0_112-release-b06), built on Dec  8 2016 00:54:26 by "builder" with MS VC++ 10.0 (VS2010)

time: Tue Jan 30 13:47:56 2018
elapsed time: 215 seconds (0d 0h 3m 35s)

